<?xml version="1.0" encoding="UTF-8"?>
<testng-results ignored="0" total="4" passed="4" failed="0" skipped="0">
  <reporter-output>
  </reporter-output>
  <suite started-at="2024-04-10T16:40:30 IST" name="Suite" finished-at="2024-04-10T16:40:39 IST" duration-ms="8684">
    <groups>
    </groups>
    <test started-at="2024-04-10T16:40:30 IST" name="Test" finished-at="2024-04-10T16:40:39 IST" duration-ms="8684">
      <class name="browserAutomation.ParallelTest">
        <test-method signature="launchApplication2(java.lang.String)[pri:0, instance:browserAutomation.ParallelTest@47e2e487]" started-at="2024-04-10T16:40:30 IST" name="launchApplication2" finished-at="2024-04-10T16:40:36 IST" duration-ms="6395" status="PASS">
          <params>
            <param index="0">
              <value>
                <![CDATA[Dhinakaran]]>
              </value>
            </param>
          </params>
          <reporter-output>
          </reporter-output>
        </test-method> <!-- launchApplication2 -->
        <test-method signature="launchApplication0(java.lang.String)[pri:0, instance:browserAutomation.ParallelTest@47e2e487]" started-at="2024-04-10T16:40:30 IST" name="launchApplication0" finished-at="2024-04-10T16:40:38 IST" duration-ms="8616" status="PASS">
          <params>
            <param index="0">
              <value>
                <![CDATA[Dhinakaran]]>
              </value>
            </param>
          </params>
          <reporter-output>
          </reporter-output>
        </test-method> <!-- launchApplication0 -->
        <test-method signature="launchApplication1(java.lang.String)[pri:0, instance:browserAutomation.ParallelTest@47e2e487]" started-at="2024-04-10T16:40:30 IST" name="launchApplication1" finished-at="2024-04-10T16:40:38 IST" duration-ms="7892" status="PASS">
          <params>
            <param index="0">
              <value>
                <![CDATA[Dhinakaran]]>
              </value>
            </param>
          </params>
          <reporter-output>
          </reporter-output>
        </test-method> <!-- launchApplication1 -->
        <test-method signature="launchApplication3(java.lang.String)[pri:0, instance:browserAutomation.ParallelTest@47e2e487]" started-at="2024-04-10T16:40:30 IST" name="launchApplication3" finished-at="2024-04-10T16:40:39 IST" duration-ms="8632" status="PASS">
          <params>
            <param index="0">
              <value>
                <![CDATA[Dhinakaran]]>
              </value>
            </param>
          </params>
          <reporter-output>
          </reporter-output>
        </test-method> <!-- launchApplication3 -->
      </class> <!-- browserAutomation.ParallelTest -->
    </test> <!-- Test -->
  </suite> <!-- Suite -->
</testng-results>
