<?xml version="1.0" encoding="UTF-8"?>
<!-- Generated by org.testng.reporters.JUnitXMLReporter -->
<testsuite ignored="0" hostname="LAPTOP-04TSVVB5" failures="0" tests="4" name="Test" time="8.684" errors="0" timestamp="2024-04-10T16:40:39 IST">
  <testcase classname="browserAutomation.ParallelTest" name="launchApplication2" time="6.395"/>
  <testcase classname="browserAutomation.ParallelTest" name="launchApplication1" time="7.892"/>
  <testcase classname="browserAutomation.ParallelTest" name="launchApplication0" time="8.616"/>
  <testcase classname="browserAutomation.ParallelTest" name="launchApplication3" time="8.632"/>
</testsuite> <!-- Test -->
